<?xml version="1.0" encoding="UTF-8"?>
<!-- Generated by org.testng.reporters.JUnitXMLReporter -->
<testsuite ignored="0" hostname="DESKTOP-FRV6B16" failures="0" tests="4" name="Default test" time="2.943" errors="0" timestamp="2023-02-05T13:44:14 IST">
  <testcase classname="demo.Demo1Test" name="dsample3Test" time="0.08"/>
  <testcase classname="demo.Demo1Test" name="sample1Test" time="0.011"/>
  <testcase classname="demo.Demo1Test" name="sample2Test" time="0.024"/>
  <testcase classname="demo.Demo1Test" name="sample4Test" time="0.009"/>
</testsuite> <!-- Default test -->
