<?xml version="1.0" encoding="UTF-8"?>
<!-- Generated by org.testng.reporters.JUnitXMLReporter -->
<testsuite ignored="6" hostname="DESKTOP-FRV6B16" failures="0" tests="20" name="Test" time="7.456" errors="0" timestamp="2023-02-05T14:03:10 IST">
  <testcase classname="demo.Demo1Test" name="dsample3Test" time="0.095"/>
  <testcase classname="demo.Demo1Test" name="sample1Test" time="0.005"/>
  <testcase classname="demo.Demo1Test" name="sample2Test" time="0.003"/>
  <testcase classname="demo.Demo1Test" name="sample4Test" time="0.007"/>
  <testcase classname="demo.Demo2Test" name="dsample3Test" time="0.029"/>
  <testcase classname="demo.Demo2Test" name="sample1Test" time="0.014"/>
  <testcase classname="demo.Demo2Test" name="sample2Test" time="0.073"/>
  <testcase classname="demo.Demo2Test" name="sample4Test" time="0.016"/>
  <testcase classname="demo.Demo3Test" name="dsample3Test" time="0.012"/>
  <testcase classname="demo.Demo3Test" name="sample1Test" time="0.011"/>
  <testcase classname="demo.Demo3Test" name="sample2Test" time="0.006"/>
  <testcase classname="demo.Demo3Test" name="sample4Test" time="0.012"/>
  <testcase classname="demo.Demo4Test" name="dsample3Test" time="0.017"/>
  <testcase classname="demo.Demo4Test" name="sample1Test" time="0.02"/>
  <testcase classname="demo.Demo4Test" name="sample2Test" time="0.041"/>
  <testcase classname="demo.Demo4Test" name="sample4Test" time="0.013"/>
  <testcase classname="demo.Demo5Test" name="dsample3Test" time="0.028"/>
  <testcase classname="demo.Demo5Test" name="sample1Test" time="0.014"/>
  <testcase classname="demo.Demo5Test" name="sample2Test" time="0.014"/>
  <testcase classname="demo.Demo5Test" name="sample4Test" time="0.033"/>
  <testcase classname="demoApplication.GenericUtility.BaseClass" name="@BeforeSuite bsConfig" time="0.0">
    <ignored/>
  </testcase> <!-- @BeforeSuite bsConfig -->
  <testcase classname="demoApplication.GenericUtility.BaseClass" name="@BeforeSuite bsConfig" time="0.0">
    <ignored/>
  </testcase> <!-- @BeforeSuite bsConfig -->
  <testcase classname="demoApplication.GenericUtility.BaseClass" name="@BeforeSuite bsConfig" time="0.0">
    <ignored/>
  </testcase> <!-- @BeforeSuite bsConfig -->
  <testcase classname="demoApplication.GenericUtility.BaseClass" name="@AfterSuite asConfig" time="0.0">
    <ignored/>
  </testcase> <!-- @AfterSuite asConfig -->
  <testcase classname="demoApplication.GenericUtility.BaseClass" name="@AfterSuite asConfig" time="0.0">
    <ignored/>
  </testcase> <!-- @AfterSuite asConfig -->
  <testcase classname="demoApplication.GenericUtility.BaseClass" name="@AfterSuite asConfig" time="0.0">
    <ignored/>
  </testcase> <!-- @AfterSuite asConfig -->
</testsuite> <!-- Test -->
