<?xml version="1.0" encoding="UTF-8"?>
<testng-results ignored="6" total="26" passed="20" failed="0" skipped="0">
  <reporter-output>
    <line>
      <![CDATA[--Database Connection Successful--]]>
    </line>
    <line>
      <![CDATA[Demo1-Sample3-NoSmoke-NoRegression]]>
    </line>
    <line>
      <![CDATA[Demo1-Sample1-Smoke]]>
    </line>
    <line>
      <![CDATA[Demo1-Sample2-Regression]]>
    </line>
    <line>
      <![CDATA[Demo1-Sample4-RegionalRegression]]>
    </line>
    <line>
      <![CDATA[Demo2-Sample3-NoSmoke-NoRegression]]>
    </line>
    <line>
      <![CDATA[Demo2-Sample1-Smoke]]>
    </line>
    <line>
      <![CDATA[Demo2-Sample2-Regression]]>
    </line>
    <line>
      <![CDATA[Demo2-Sample4-RegionalRegression]]>
    </line>
    <line>
      <![CDATA[Demo3-Sample3-NoSmoke-NoRegression]]>
    </line>
    <line>
      <![CDATA[Demo3-Sample1-Smoke]]>
    </line>
    <line>
      <![CDATA[Demo3-Sample2-Regression]]>
    </line>
    <line>
      <![CDATA[Demo3-Sample4-RegionalRegression]]>
    </line>
    <line>
      <![CDATA[Demo4-Sample3-NoSmoke-NoRegression]]>
    </line>
    <line>
      <![CDATA[Demo4-Sample1-Smoke]]>
    </line>
    <line>
      <![CDATA[Demo4-Sample2-Regression]]>
    </line>
    <line>
      <![CDATA[Demo4-Sample4-RegionalRegression]]>
    </line>
    <line>
      <![CDATA[Demo5-Sample3]]>
    </line>
    <line>
      <![CDATA[Demo5-Sample1]]>
    </line>
    <line>
      <![CDATA[Demo5-Sample2]]>
    </line>
    <line>
      <![CDATA[Demo5-Sample4]]>
    </line>
    <line>
      <![CDATA[--Database Closed Successfully--]]>
    </line>
  </reporter-output>
  <suite started-at="2023-02-05T14:02:57 IST" name="Suite" finished-at="2023-02-05T14:03:04 IST" duration-ms="7456">
    <groups>
      <group name="RegressionSuite">
        <method signature="Demo1Test.sample2Test()[pri:0, instance:demo.Demo1Test@2d710f1a]" name="sample2Test" class="demo.Demo1Test"/>
        <method signature="Demo2Test.sample2Test()[pri:0, instance:demo.Demo2Test@54e1c68b]" name="sample2Test" class="demo.Demo2Test"/>
        <method signature="Demo3Test.sample2Test()[pri:0, instance:demo.Demo3Test@53aac487]" name="sample2Test" class="demo.Demo3Test"/>
        <method signature="Demo4Test.sample2Test()[pri:0, instance:demo.Demo4Test@52b1beb6]" name="sample2Test" class="demo.Demo4Test"/>
      </group> <!-- RegressionSuite -->
      <group name="SmokeSuite">
        <method signature="Demo1Test.sample1Test()[pri:0, instance:demo.Demo1Test@2d710f1a]" name="sample1Test" class="demo.Demo1Test"/>
        <method signature="Demo2Test.sample1Test()[pri:0, instance:demo.Demo2Test@54e1c68b]" name="sample1Test" class="demo.Demo2Test"/>
        <method signature="Demo3Test.sample1Test()[pri:0, instance:demo.Demo3Test@53aac487]" name="sample1Test" class="demo.Demo3Test"/>
        <method signature="Demo4Test.sample1Test()[pri:0, instance:demo.Demo4Test@52b1beb6]" name="sample1Test" class="demo.Demo4Test"/>
      </group> <!-- SmokeSuite -->
    </groups>
    <test started-at="2023-02-05T14:02:57 IST" name="Test" finished-at="2023-02-05T14:03:04 IST" duration-ms="7456">
      <class name="demo.Demo5Test">
        <test-method signature="dsample3Test()[pri:0, instance:demo.Demo5Test@273e7444]" started-at="2023-02-05T14:03:04 IST" name="dsample3Test" finished-at="2023-02-05T14:03:04 IST" duration-ms="28" status="PASS">
          <reporter-output>
            <line>
              <![CDATA[Demo5-Sample3]]>
            </line>
          </reporter-output>
        </test-method> <!-- dsample3Test -->
        <test-method signature="sample1Test()[pri:0, instance:demo.Demo5Test@273e7444]" started-at="2023-02-05T14:03:04 IST" name="sample1Test" finished-at="2023-02-05T14:03:04 IST" duration-ms="14" status="PASS">
          <reporter-output>
            <line>
              <![CDATA[Demo5-Sample1]]>
            </line>
          </reporter-output>
        </test-method> <!-- sample1Test -->
        <test-method signature="sample2Test()[pri:0, instance:demo.Demo5Test@273e7444]" started-at="2023-02-05T14:03:04 IST" name="sample2Test" finished-at="2023-02-05T14:03:04 IST" duration-ms="14" status="PASS">
          <reporter-output>
            <line>
              <![CDATA[Demo5-Sample2]]>
            </line>
          </reporter-output>
        </test-method> <!-- sample2Test -->
        <test-method signature="sample4Test()[pri:0, instance:demo.Demo5Test@273e7444]" started-at="2023-02-05T14:03:04 IST" name="sample4Test" finished-at="2023-02-05T14:03:04 IST" duration-ms="33" status="PASS">
          <reporter-output>
            <line>
              <![CDATA[Demo5-Sample4]]>
            </line>
          </reporter-output>
        </test-method> <!-- sample4Test -->
      </class> <!-- demo.Demo5Test -->
      <class name="demo.Demo4Test">
        <test-method is-config="true" signature="bcConfig()[pri:0, instance:demo.Demo4Test@52b1beb6]" started-at="2023-02-05T14:03:04 IST" name="bcConfig" finished-at="2023-02-05T14:03:04 IST" duration-ms="1" status="PASS">
          <reporter-output>
          </reporter-output>
        </test-method> <!-- bcConfig -->
        <test-method is-config="true" signature="bmConfig()[pri:0, instance:demo.Demo4Test@52b1beb6]" started-at="2023-02-05T14:03:04 IST" name="bmConfig" finished-at="2023-02-05T14:03:04 IST" duration-ms="1" status="PASS">
          <reporter-output>
          </reporter-output>
        </test-method> <!-- bmConfig -->
        <test-method signature="dsample3Test()[pri:0, instance:demo.Demo4Test@52b1beb6]" started-at="2023-02-05T14:03:04 IST" name="dsample3Test" finished-at="2023-02-05T14:03:04 IST" duration-ms="17" status="PASS">
          <reporter-output>
            <line>
              <![CDATA[Demo4-Sample3-NoSmoke-NoRegression]]>
            </line>
          </reporter-output>
        </test-method> <!-- dsample3Test -->
        <test-method is-config="true" signature="amConfig()[pri:0, instance:demo.Demo4Test@52b1beb6]" started-at="2023-02-05T14:03:04 IST" name="amConfig" finished-at="2023-02-05T14:03:04 IST" duration-ms="1" status="PASS">
          <reporter-output>
          </reporter-output>
        </test-method> <!-- amConfig -->
        <test-method is-config="true" signature="bmConfig()[pri:0, instance:demo.Demo4Test@52b1beb6]" started-at="2023-02-05T14:03:04 IST" name="bmConfig" finished-at="2023-02-05T14:03:04 IST" duration-ms="1" status="PASS">
          <reporter-output>
          </reporter-output>
        </test-method> <!-- bmConfig -->
        <test-method signature="sample1Test()[pri:0, instance:demo.Demo4Test@52b1beb6]" started-at="2023-02-05T14:03:04 IST" name="sample1Test" finished-at="2023-02-05T14:03:04 IST" duration-ms="20" status="PASS">
          <reporter-output>
            <line>
              <![CDATA[Demo4-Sample1-Smoke]]>
            </line>
          </reporter-output>
        </test-method> <!-- sample1Test -->
        <test-method is-config="true" signature="amConfig()[pri:0, instance:demo.Demo4Test@52b1beb6]" started-at="2023-02-05T14:03:04 IST" name="amConfig" finished-at="2023-02-05T14:03:04 IST" duration-ms="1" status="PASS">
          <reporter-output>
          </reporter-output>
        </test-method> <!-- amConfig -->
        <test-method is-config="true" signature="bmConfig()[pri:0, instance:demo.Demo4Test@52b1beb6]" started-at="2023-02-05T14:03:04 IST" name="bmConfig" finished-at="2023-02-05T14:03:04 IST" duration-ms="1" status="PASS">
          <reporter-output>
          </reporter-output>
        </test-method> <!-- bmConfig -->
        <test-method signature="sample2Test()[pri:0, instance:demo.Demo4Test@52b1beb6]" started-at="2023-02-05T14:03:04 IST" name="sample2Test" finished-at="2023-02-05T14:03:04 IST" duration-ms="41" status="PASS">
          <reporter-output>
            <line>
              <![CDATA[Demo4-Sample2-Regression]]>
            </line>
          </reporter-output>
        </test-method> <!-- sample2Test -->
        <test-method is-config="true" signature="amConfig()[pri:0, instance:demo.Demo4Test@52b1beb6]" started-at="2023-02-05T14:03:04 IST" name="amConfig" finished-at="2023-02-05T14:03:04 IST" duration-ms="1" status="PASS">
          <reporter-output>
          </reporter-output>
        </test-method> <!-- amConfig -->
        <test-method is-config="true" signature="bmConfig()[pri:0, instance:demo.Demo4Test@52b1beb6]" started-at="2023-02-05T14:03:04 IST" name="bmConfig" finished-at="2023-02-05T14:03:04 IST" duration-ms="2" status="PASS">
          <reporter-output>
          </reporter-output>
        </test-method> <!-- bmConfig -->
        <test-method signature="sample4Test()[pri:0, instance:demo.Demo4Test@52b1beb6]" started-at="2023-02-05T14:03:04 IST" name="sample4Test" finished-at="2023-02-05T14:03:04 IST" duration-ms="13" status="PASS">
          <reporter-output>
            <line>
              <![CDATA[Demo4-Sample4-RegionalRegression]]>
            </line>
          </reporter-output>
        </test-method> <!-- sample4Test -->
        <test-method is-config="true" signature="amConfig()[pri:0, instance:demo.Demo4Test@52b1beb6]" started-at="2023-02-05T14:03:04 IST" name="amConfig" finished-at="2023-02-05T14:03:04 IST" duration-ms="2" status="PASS">
          <reporter-output>
          </reporter-output>
        </test-method> <!-- amConfig -->
        <test-method is-config="true" signature="acConfig()[pri:0, instance:demo.Demo4Test@52b1beb6]" started-at="2023-02-05T14:03:04 IST" name="acConfig" finished-at="2023-02-05T14:03:04 IST" duration-ms="0" status="PASS">
          <reporter-output>
          </reporter-output>
        </test-method> <!-- acConfig -->
      </class> <!-- demo.Demo4Test -->
      <class name="demo.Demo1Test">
        <test-method is-config="true" signature="bsConfig()[pri:0, instance:demo.Demo1Test@2d710f1a]" started-at="2023-02-05T14:02:45 IST" name="bsConfig" finished-at="2023-02-05T14:02:57 IST" duration-ms="11411" status="PASS">
          <reporter-output>
            <line>
              <![CDATA[--Database Connection Successful--]]>
            </line>
          </reporter-output>
        </test-method> <!-- bsConfig -->
        <test-method is-config="true" signature="bcConfig()[pri:0, instance:demo.Demo1Test@2d710f1a]" started-at="2023-02-05T14:03:03 IST" name="bcConfig" finished-at="2023-02-05T14:03:03 IST" duration-ms="1" status="PASS">
          <reporter-output>
          </reporter-output>
        </test-method> <!-- bcConfig -->
        <test-method is-config="true" signature="bmConfig()[pri:0, instance:demo.Demo1Test@2d710f1a]" started-at="2023-02-05T14:03:03 IST" name="bmConfig" finished-at="2023-02-05T14:03:03 IST" duration-ms="0" status="PASS">
          <reporter-output>
          </reporter-output>
        </test-method> <!-- bmConfig -->
        <test-method signature="dsample3Test()[pri:0, instance:demo.Demo1Test@2d710f1a]" started-at="2023-02-05T14:03:03 IST" name="dsample3Test" finished-at="2023-02-05T14:03:03 IST" duration-ms="95" status="PASS">
          <reporter-output>
            <line>
              <![CDATA[Demo1-Sample3-NoSmoke-NoRegression]]>
            </line>
          </reporter-output>
        </test-method> <!-- dsample3Test -->
        <test-method is-config="true" signature="amConfig()[pri:0, instance:demo.Demo1Test@2d710f1a]" started-at="2023-02-05T14:03:03 IST" name="amConfig" finished-at="2023-02-05T14:03:03 IST" duration-ms="1" status="PASS">
          <reporter-output>
          </reporter-output>
        </test-method> <!-- amConfig -->
        <test-method is-config="true" signature="bmConfig()[pri:0, instance:demo.Demo1Test@2d710f1a]" started-at="2023-02-05T14:03:03 IST" name="bmConfig" finished-at="2023-02-05T14:03:03 IST" duration-ms="2" status="PASS">
          <reporter-output>
          </reporter-output>
        </test-method> <!-- bmConfig -->
        <test-method signature="sample1Test()[pri:0, instance:demo.Demo1Test@2d710f1a]" started-at="2023-02-05T14:03:03 IST" name="sample1Test" finished-at="2023-02-05T14:03:03 IST" duration-ms="5" status="PASS">
          <reporter-output>
            <line>
              <![CDATA[Demo1-Sample1-Smoke]]>
            </line>
          </reporter-output>
        </test-method> <!-- sample1Test -->
        <test-method is-config="true" signature="amConfig()[pri:0, instance:demo.Demo1Test@2d710f1a]" started-at="2023-02-05T14:03:03 IST" name="amConfig" finished-at="2023-02-05T14:03:03 IST" duration-ms="1" status="PASS">
          <reporter-output>
          </reporter-output>
        </test-method> <!-- amConfig -->
        <test-method signature="sample2Test()[pri:0, instance:demo.Demo1Test@2d710f1a]" started-at="2023-02-05T14:03:03 IST" name="sample2Test" finished-at="2023-02-05T14:03:03 IST" duration-ms="3" status="PASS">
          <reporter-output>
            <line>
              <![CDATA[Demo1-Sample2-Regression]]>
            </line>
          </reporter-output>
        </test-method> <!-- sample2Test -->
        <test-method is-config="true" signature="bmConfig()[pri:0, instance:demo.Demo1Test@2d710f1a]" started-at="2023-02-05T14:03:03 IST" name="bmConfig" finished-at="2023-02-05T14:03:03 IST" duration-ms="0" status="PASS">
          <reporter-output>
          </reporter-output>
        </test-method> <!-- bmConfig -->
        <test-method is-config="true" signature="amConfig()[pri:0, instance:demo.Demo1Test@2d710f1a]" started-at="2023-02-05T14:03:03 IST" name="amConfig" finished-at="2023-02-05T14:03:03 IST" duration-ms="1" status="PASS">
          <reporter-output>
          </reporter-output>
        </test-method> <!-- amConfig -->
        <test-method is-config="true" signature="bmConfig()[pri:0, instance:demo.Demo1Test@2d710f1a]" started-at="2023-02-05T14:03:03 IST" name="bmConfig" finished-at="2023-02-05T14:03:03 IST" duration-ms="1" status="PASS">
          <reporter-output>
          </reporter-output>
        </test-method> <!-- bmConfig -->
        <test-method signature="sample4Test()[pri:0, instance:demo.Demo1Test@2d710f1a]" started-at="2023-02-05T14:03:03 IST" name="sample4Test" finished-at="2023-02-05T14:03:03 IST" duration-ms="7" status="PASS">
          <reporter-output>
            <line>
              <![CDATA[Demo1-Sample4-RegionalRegression]]>
            </line>
          </reporter-output>
        </test-method> <!-- sample4Test -->
        <test-method is-config="true" signature="amConfig()[pri:0, instance:demo.Demo1Test@2d710f1a]" started-at="2023-02-05T14:03:03 IST" name="amConfig" finished-at="2023-02-05T14:03:03 IST" duration-ms="2" status="PASS">
          <reporter-output>
          </reporter-output>
        </test-method> <!-- amConfig -->
        <test-method is-config="true" signature="acConfig()[pri:0, instance:demo.Demo1Test@2d710f1a]" started-at="2023-02-05T14:03:03 IST" name="acConfig" finished-at="2023-02-05T14:03:03 IST" duration-ms="1" status="PASS">
          <reporter-output>
          </reporter-output>
        </test-method> <!-- acConfig -->
        <test-method is-config="true" signature="asConfig()[pri:0, instance:demo.Demo1Test@2d710f1a]" started-at="2023-02-05T14:03:10 IST" name="asConfig" finished-at="2023-02-05T14:03:10 IST" duration-ms="59" status="PASS">
          <reporter-output>
            <line>
              <![CDATA[--Database Closed Successfully--]]>
            </line>
          </reporter-output>
        </test-method> <!-- asConfig -->
      </class> <!-- demo.Demo1Test -->
      <class name="demo.Demo2Test">
        <test-method is-config="true" signature="bcConfig()[pri:0, instance:demo.Demo2Test@54e1c68b]" started-at="2023-02-05T14:03:03 IST" name="bcConfig" finished-at="2023-02-05T14:03:03 IST" duration-ms="0" status="PASS">
          <reporter-output>
          </reporter-output>
        </test-method> <!-- bcConfig -->
        <test-method is-config="true" signature="bmConfig()[pri:0, instance:demo.Demo2Test@54e1c68b]" started-at="2023-02-05T14:03:03 IST" name="bmConfig" finished-at="2023-02-05T14:03:03 IST" duration-ms="1" status="PASS">
          <reporter-output>
          </reporter-output>
        </test-method> <!-- bmConfig -->
        <test-method signature="dsample3Test()[pri:0, instance:demo.Demo2Test@54e1c68b]" started-at="2023-02-05T14:03:03 IST" name="dsample3Test" finished-at="2023-02-05T14:03:03 IST" duration-ms="29" status="PASS">
          <reporter-output>
            <line>
              <![CDATA[Demo2-Sample3-NoSmoke-NoRegression]]>
            </line>
          </reporter-output>
        </test-method> <!-- dsample3Test -->
        <test-method is-config="true" signature="amConfig()[pri:0, instance:demo.Demo2Test@54e1c68b]" started-at="2023-02-05T14:03:03 IST" name="amConfig" finished-at="2023-02-05T14:03:03 IST" duration-ms="1" status="PASS">
          <reporter-output>
          </reporter-output>
        </test-method> <!-- amConfig -->
        <test-method signature="sample1Test()[pri:0, instance:demo.Demo2Test@54e1c68b]" started-at="2023-02-05T14:03:03 IST" name="sample1Test" finished-at="2023-02-05T14:03:03 IST" duration-ms="14" status="PASS">
          <reporter-output>
            <line>
              <![CDATA[Demo2-Sample1-Smoke]]>
            </line>
          </reporter-output>
        </test-method> <!-- sample1Test -->
        <test-method is-config="true" signature="bmConfig()[pri:0, instance:demo.Demo2Test@54e1c68b]" started-at="2023-02-05T14:03:03 IST" name="bmConfig" finished-at="2023-02-05T14:03:03 IST" duration-ms="0" status="PASS">
          <reporter-output>
          </reporter-output>
        </test-method> <!-- bmConfig -->
        <test-method is-config="true" signature="amConfig()[pri:0, instance:demo.Demo2Test@54e1c68b]" started-at="2023-02-05T14:03:03 IST" name="amConfig" finished-at="2023-02-05T14:03:03 IST" duration-ms="0" status="PASS">
          <reporter-output>
          </reporter-output>
        </test-method> <!-- amConfig -->
        <test-method is-config="true" signature="bmConfig()[pri:0, instance:demo.Demo2Test@54e1c68b]" started-at="2023-02-05T14:03:03 IST" name="bmConfig" finished-at="2023-02-05T14:03:03 IST" duration-ms="0" status="PASS">
          <reporter-output>
          </reporter-output>
        </test-method> <!-- bmConfig -->
        <test-method signature="sample2Test()[pri:0, instance:demo.Demo2Test@54e1c68b]" started-at="2023-02-05T14:03:03 IST" name="sample2Test" finished-at="2023-02-05T14:03:04 IST" duration-ms="73" status="PASS">
          <reporter-output>
            <line>
              <![CDATA[Demo2-Sample2-Regression]]>
            </line>
          </reporter-output>
        </test-method> <!-- sample2Test -->
        <test-method is-config="true" signature="amConfig()[pri:0, instance:demo.Demo2Test@54e1c68b]" started-at="2023-02-05T14:03:04 IST" name="amConfig" finished-at="2023-02-05T14:03:04 IST" duration-ms="0" status="PASS">
          <reporter-output>
          </reporter-output>
        </test-method> <!-- amConfig -->
        <test-method is-config="true" signature="bmConfig()[pri:0, instance:demo.Demo2Test@54e1c68b]" started-at="2023-02-05T14:03:04 IST" name="bmConfig" finished-at="2023-02-05T14:03:04 IST" duration-ms="0" status="PASS">
          <reporter-output>
          </reporter-output>
        </test-method> <!-- bmConfig -->
        <test-method signature="sample4Test()[pri:0, instance:demo.Demo2Test@54e1c68b]" started-at="2023-02-05T14:03:04 IST" name="sample4Test" finished-at="2023-02-05T14:03:04 IST" duration-ms="16" status="PASS">
          <reporter-output>
            <line>
              <![CDATA[Demo2-Sample4-RegionalRegression]]>
            </line>
          </reporter-output>
        </test-method> <!-- sample4Test -->
        <test-method is-config="true" signature="amConfig()[pri:0, instance:demo.Demo2Test@54e1c68b]" started-at="2023-02-05T14:03:04 IST" name="amConfig" finished-at="2023-02-05T14:03:04 IST" duration-ms="5" status="PASS">
          <reporter-output>
          </reporter-output>
        </test-method> <!-- amConfig -->
        <test-method is-config="true" signature="acConfig()[pri:0, instance:demo.Demo2Test@54e1c68b]" started-at="2023-02-05T14:03:04 IST" name="acConfig" finished-at="2023-02-05T14:03:04 IST" duration-ms="1" status="PASS">
          <reporter-output>
          </reporter-output>
        </test-method> <!-- acConfig -->
      </class> <!-- demo.Demo2Test -->
      <class name="demo.Demo3Test">
        <test-method is-config="true" signature="bcConfig()[pri:0, instance:demo.Demo3Test@53aac487]" started-at="2023-02-05T14:03:04 IST" name="bcConfig" finished-at="2023-02-05T14:03:04 IST" duration-ms="4" status="PASS">
          <reporter-output>
          </reporter-output>
        </test-method> <!-- bcConfig -->
        <test-method is-config="true" signature="bmConfig()[pri:0, instance:demo.Demo3Test@53aac487]" started-at="2023-02-05T14:03:04 IST" name="bmConfig" finished-at="2023-02-05T14:03:04 IST" duration-ms="1" status="PASS">
          <reporter-output>
          </reporter-output>
        </test-method> <!-- bmConfig -->
        <test-method signature="dsample3Test()[pri:0, instance:demo.Demo3Test@53aac487]" started-at="2023-02-05T14:03:04 IST" name="dsample3Test" finished-at="2023-02-05T14:03:04 IST" duration-ms="12" status="PASS">
          <reporter-output>
            <line>
              <![CDATA[Demo3-Sample3-NoSmoke-NoRegression]]>
            </line>
          </reporter-output>
        </test-method> <!-- dsample3Test -->
        <test-method is-config="true" signature="amConfig()[pri:0, instance:demo.Demo3Test@53aac487]" started-at="2023-02-05T14:03:04 IST" name="amConfig" finished-at="2023-02-05T14:03:04 IST" duration-ms="3" status="PASS">
          <reporter-output>
          </reporter-output>
        </test-method> <!-- amConfig -->
        <test-method is-config="true" signature="bmConfig()[pri:0, instance:demo.Demo3Test@53aac487]" started-at="2023-02-05T14:03:04 IST" name="bmConfig" finished-at="2023-02-05T14:03:04 IST" duration-ms="1" status="PASS">
          <reporter-output>
          </reporter-output>
        </test-method> <!-- bmConfig -->
        <test-method signature="sample1Test()[pri:0, instance:demo.Demo3Test@53aac487]" started-at="2023-02-05T14:03:04 IST" name="sample1Test" finished-at="2023-02-05T14:03:04 IST" duration-ms="11" status="PASS">
          <reporter-output>
            <line>
              <![CDATA[Demo3-Sample1-Smoke]]>
            </line>
          </reporter-output>
        </test-method> <!-- sample1Test -->
        <test-method is-config="true" signature="amConfig()[pri:0, instance:demo.Demo3Test@53aac487]" started-at="2023-02-05T14:03:04 IST" name="amConfig" finished-at="2023-02-05T14:03:04 IST" duration-ms="2" status="PASS">
          <reporter-output>
          </reporter-output>
        </test-method> <!-- amConfig -->
        <test-method is-config="true" signature="bmConfig()[pri:0, instance:demo.Demo3Test@53aac487]" started-at="2023-02-05T14:03:04 IST" name="bmConfig" finished-at="2023-02-05T14:03:04 IST" duration-ms="1" status="PASS">
          <reporter-output>
          </reporter-output>
        </test-method> <!-- bmConfig -->
        <test-method signature="sample2Test()[pri:0, instance:demo.Demo3Test@53aac487]" started-at="2023-02-05T14:03:04 IST" name="sample2Test" finished-at="2023-02-05T14:03:04 IST" duration-ms="6" status="PASS">
          <reporter-output>
            <line>
              <![CDATA[Demo3-Sample2-Regression]]>
            </line>
          </reporter-output>
        </test-method> <!-- sample2Test -->
        <test-method is-config="true" signature="amConfig()[pri:0, instance:demo.Demo3Test@53aac487]" started-at="2023-02-05T14:03:04 IST" name="amConfig" finished-at="2023-02-05T14:03:04 IST" duration-ms="3" status="PASS">
          <reporter-output>
          </reporter-output>
        </test-method> <!-- amConfig -->
        <test-method is-config="true" signature="bmConfig()[pri:0, instance:demo.Demo3Test@53aac487]" started-at="2023-02-05T14:03:04 IST" name="bmConfig" finished-at="2023-02-05T14:03:04 IST" duration-ms="1" status="PASS">
          <reporter-output>
          </reporter-output>
        </test-method> <!-- bmConfig -->
        <test-method signature="sample4Test()[pri:0, instance:demo.Demo3Test@53aac487]" started-at="2023-02-05T14:03:04 IST" name="sample4Test" finished-at="2023-02-05T14:03:04 IST" duration-ms="12" status="PASS">
          <reporter-output>
            <line>
              <![CDATA[Demo3-Sample4-RegionalRegression]]>
            </line>
          </reporter-output>
        </test-method> <!-- sample4Test -->
        <test-method is-config="true" signature="amConfig()[pri:0, instance:demo.Demo3Test@53aac487]" started-at="2023-02-05T14:03:04 IST" name="amConfig" finished-at="2023-02-05T14:03:04 IST" duration-ms="2" status="PASS">
          <reporter-output>
          </reporter-output>
        </test-method> <!-- amConfig -->
        <test-method is-config="true" signature="acConfig()[pri:0, instance:demo.Demo3Test@53aac487]" started-at="2023-02-05T14:03:04 IST" name="acConfig" finished-at="2023-02-05T14:03:04 IST" duration-ms="0" status="PASS">
          <reporter-output>
          </reporter-output>
        </test-method> <!-- acConfig -->
      </class> <!-- demo.Demo3Test -->
    </test> <!-- Test -->
  </suite> <!-- Suite -->
</testng-results>
